2025-03-04 15:33:21.7462 | INFO | Starting the application... | 
2025-03-04 15:33:22.8250 | INFO | Now listening on: https://localhost:7146 | 
2025-03-04 15:33:22.8250 | INFO | Now listening on: http://localhost:5215 | 
2025-03-04 15:33:22.8969 | INFO | Application started. Press Ctrl+C to shut down. | 
2025-03-04 15:33:22.8969 | INFO | Hosting environment: Development | 
2025-03-04 15:33:22.8969 | INFO | Content root path: C:\Users\lenovo\OneDrive\Desktop\GreetingApp_2115700007\GreetingApp_2115700007\ | 
2025-03-04 15:33:23.7926 | INFO | Request starting HTTP/2 GET https://localhost:7146/swagger/index.html - - | 
2025-03-04 15:33:24.1606 | INFO | Request finished HTTP/2 GET https://localhost:7146/swagger/index.html - - - 200 - text/html;charset=utf-8 370.6969ms | 
2025-03-04 15:33:24.1906 | INFO | Request starting HTTP/2 GET https://localhost:7146/_framework/aspnetcore-browser-refresh.js - - | 
2025-03-04 15:33:24.1906 | INFO | Request finished HTTP/2 GET https://localhost:7146/_framework/aspnetcore-browser-refresh.js - - - 200 12376 application/javascript;+charset=utf-8 7.4101ms | 
2025-03-04 15:33:24.7900 | INFO | Request starting HTTP/2 GET https://localhost:7146/_vs/browserLink - - | 
2025-03-04 15:33:24.8522 | INFO | Request finished HTTP/2 GET https://localhost:7146/_vs/browserLink - - - 200 - text/javascript;+charset=UTF-8 62.1936ms | 
2025-03-04 15:33:25.4965 | INFO | Request starting HTTP/2 GET https://localhost:7146/swagger/v1/swagger.json - - | 
2025-03-04 15:33:25.4965 | INFO | Request finished HTTP/2 GET https://localhost:7146/swagger/v1/swagger.json - - - 200 - application/json;charset=utf-8 10.1081ms | 
2025-03-04 15:35:27.4499 | INFO | Starting the application... | 
2025-03-04 15:35:28.2897 | INFO | Now listening on: https://localhost:7146 | 
2025-03-04 15:35:28.2995 | INFO | Now listening on: http://localhost:5215 | 
2025-03-04 15:35:28.3430 | INFO | Application started. Press Ctrl+C to shut down. | 
2025-03-04 15:35:28.3430 | INFO | Hosting environment: Development | 
2025-03-04 15:35:28.3430 | INFO | Content root path: C:\Users\lenovo\OneDrive\Desktop\GreetingApp_2115700007\GreetingApp_2115700007\ | 
2025-03-04 15:35:29.2098 | INFO | Request starting HTTP/2 GET https://localhost:7146/swagger/index.html - - | 
2025-03-04 15:35:29.4951 | INFO | Request finished HTTP/2 GET https://localhost:7146/swagger/index.html - - - 200 - text/html;charset=utf-8 286.2364ms | 
2025-03-04 15:35:29.5308 | INFO | Request starting HTTP/2 GET https://localhost:7146/_framework/aspnetcore-browser-refresh.js - - | 
2025-03-04 15:35:29.5434 | INFO | Request finished HTTP/2 GET https://localhost:7146/_framework/aspnetcore-browser-refresh.js - - - 200 12376 application/javascript;+charset=utf-8 12.5719ms | 
2025-03-04 15:35:29.5584 | INFO | Request starting HTTP/2 GET https://localhost:7146/_vs/browserLink - - | 
2025-03-04 15:35:29.6194 | INFO | Request finished HTTP/2 GET https://localhost:7146/_vs/browserLink - - - 200 - text/javascript;+charset=UTF-8 61.0233ms | 
2025-03-04 15:35:30.2685 | INFO | Request starting HTTP/2 GET https://localhost:7146/swagger/v1/swagger.json - - | 
2025-03-04 15:35:30.2685 | INFO | Request finished HTTP/2 GET https://localhost:7146/swagger/v1/swagger.json - - - 200 - application/json;charset=utf-8 7.1754ms | 
2025-03-04 15:36:37.9214 | INFO | Request starting HTTP/2 GET https://localhost:7146/GreetingApp - - | 
2025-03-04 15:36:37.9214 | INFO | Executing endpoint 'GreetingApp_2115700007.GreetingAppController.GreetingAppGet (GreetingApp_2115700007)' | 
2025-03-04 15:36:37.9443 | INFO | Route matched with {action = "GreetingAppGet", controller = "GreetingApp"}. Executing controller action with signature Microsoft.AspNetCore.Mvc.IActionResult GreetingAppGet() on controller GreetingApp_2115700007.GreetingAppController (GreetingApp_2115700007). | 
2025-03-04 15:36:37.9924 | INFO | GET request received at GreetingAppGet. | 
2025-03-04 15:36:37.9983 | INFO | Executing OkObjectResult, writing value of type 'ModelLayer.DTO.Response`1[[System.String, System.Private.CoreLib, Version=6.0.0.0, Culture=neutral, PublicKeyToken=7cec85d7bea7798e]]'. | 
2025-03-04 15:36:37.9983 | INFO | Executed action GreetingApp_2115700007.GreetingAppController.GreetingAppGet (GreetingApp_2115700007) in 56.2962ms | 
2025-03-04 15:36:37.9983 | INFO | Executed endpoint 'GreetingApp_2115700007.GreetingAppController.GreetingAppGet (GreetingApp_2115700007)' | 
2025-03-04 15:36:37.9983 | INFO | Request finished HTTP/2 GET https://localhost:7146/GreetingApp - - - 200 - application/json;+charset=utf-8 85.1745ms | 
2025-03-04 15:58:42.6131 | INFO | Starting the application... | 
2025-03-04 15:58:46.0005 | ERROR | Application encountered a critical error and stopped. | System.IO.IOException: Failed to bind to address https://127.0.0.1:7146: address already in use.
 ---> Microsoft.AspNetCore.Connections.AddressInUseException: Only one usage of each socket address (protocol/network address/port) is normally permitted.
 ---> System.Net.Sockets.SocketException (10048): Only one usage of each socket address (protocol/network address/port) is normally permitted.
   at System.Net.Sockets.Socket.UpdateStatusAfterSocketErrorAndThrowException(SocketError error, String callerName)
   at System.Net.Sockets.Socket.DoBind(EndPoint endPointSnapshot, SocketAddress socketAddress)
   at System.Net.Sockets.Socket.Bind(EndPoint localEP)
   at Microsoft.AspNetCore.Server.Kestrel.Transport.Sockets.SocketTransportOptions.CreateDefaultBoundListenSocket(EndPoint endpoint)
   at Microsoft.AspNetCore.Server.Kestrel.Transport.Sockets.SocketConnectionListener.Bind()
   --- End of inner exception stack trace ---
   at Microsoft.AspNetCore.Server.Kestrel.Transport.Sockets.SocketConnectionListener.Bind()
   at Microsoft.AspNetCore.Server.Kestrel.Transport.Sockets.SocketTransportFactory.BindAsync(EndPoint endpoint, CancellationToken cancellationToken)
   at Microsoft.AspNetCore.Server.Kestrel.Core.Internal.Infrastructure.TransportManager.BindAsync(EndPoint endPoint, ConnectionDelegate connectionDelegate, EndpointConfig endpointConfig, CancellationToken cancellationToken)
   at Microsoft.AspNetCore.Server.Kestrel.Core.KestrelServerImpl.<>c__DisplayClass30_0`1.<<StartAsync>g__OnBind|0>d.MoveNext()
--- End of stack trace from previous location ---
   at Microsoft.AspNetCore.Server.Kestrel.Core.Internal.AddressBinder.BindEndpointAsync(ListenOptions endpoint, AddressBindContext context, CancellationToken cancellationToken)
   --- End of inner exception stack trace ---
   at Microsoft.AspNetCore.Server.Kestrel.Core.Internal.AddressBinder.BindEndpointAsync(ListenOptions endpoint, AddressBindContext context, CancellationToken cancellationToken)
   at Microsoft.AspNetCore.Server.Kestrel.Core.LocalhostListenOptions.BindAsync(AddressBindContext context, CancellationToken cancellationToken)
   at Microsoft.AspNetCore.Server.Kestrel.Core.Internal.AddressBinder.AddressesStrategy.BindAsync(AddressBindContext context, CancellationToken cancellationToken)
   at Microsoft.AspNetCore.Server.Kestrel.Core.Internal.AddressBinder.BindAsync(IEnumerable`1 listenOptions, AddressBindContext context, CancellationToken cancellationToken)
   at Microsoft.AspNetCore.Server.Kestrel.Core.KestrelServerImpl.BindAsync(CancellationToken cancellationToken)
   at Microsoft.AspNetCore.Server.Kestrel.Core.KestrelServerImpl.StartAsync[TContext](IHttpApplication`1 application, CancellationToken cancellationToken)
   at Microsoft.AspNetCore.Hosting.GenericWebHostService.StartAsync(CancellationToken cancellationToken)
   at Microsoft.Extensions.Hosting.Internal.Host.StartAsync(CancellationToken cancellationToken)
   at Microsoft.Extensions.Hosting.HostingAbstractionsHostExtensions.RunAsync(IHost host, CancellationToken token)
   at Microsoft.Extensions.Hosting.HostingAbstractionsHostExtensions.RunAsync(IHost host, CancellationToken token)
   at Microsoft.Extensions.Hosting.HostingAbstractionsHostExtensions.Run(IHost host)
   at Microsoft.AspNetCore.Builder.WebApplication.Run(String url)
   at Program.<Main>$(String[] args) in C:\Users\lenovo\OneDrive\Desktop\New folder (5)\GreetingApp_2115700007\Program.cs:line 38
2025-03-04 15:59:18.3417 | INFO | Starting the application... | 
2025-03-04 15:59:21.5581 | ERROR | Application encountered a critical error and stopped. | System.IO.IOException: Failed to bind to address https://127.0.0.1:7146: address already in use.
 ---> Microsoft.AspNetCore.Connections.AddressInUseException: Only one usage of each socket address (protocol/network address/port) is normally permitted.
 ---> System.Net.Sockets.SocketException (10048): Only one usage of each socket address (protocol/network address/port) is normally permitted.
   at System.Net.Sockets.Socket.UpdateStatusAfterSocketErrorAndThrowException(SocketError error, String callerName)
   at System.Net.Sockets.Socket.DoBind(EndPoint endPointSnapshot, SocketAddress socketAddress)
   at System.Net.Sockets.Socket.Bind(EndPoint localEP)
   at Microsoft.AspNetCore.Server.Kestrel.Transport.Sockets.SocketTransportOptions.CreateDefaultBoundListenSocket(EndPoint endpoint)
   at Microsoft.AspNetCore.Server.Kestrel.Transport.Sockets.SocketConnectionListener.Bind()
   --- End of inner exception stack trace ---
   at Microsoft.AspNetCore.Server.Kestrel.Transport.Sockets.SocketConnectionListener.Bind()
   at Microsoft.AspNetCore.Server.Kestrel.Transport.Sockets.SocketTransportFactory.BindAsync(EndPoint endpoint, CancellationToken cancellationToken)
   at Microsoft.AspNetCore.Server.Kestrel.Core.Internal.Infrastructure.TransportManager.BindAsync(EndPoint endPoint, ConnectionDelegate connectionDelegate, EndpointConfig endpointConfig, CancellationToken cancellationToken)
   at Microsoft.AspNetCore.Server.Kestrel.Core.KestrelServerImpl.<>c__DisplayClass30_0`1.<<StartAsync>g__OnBind|0>d.MoveNext()
--- End of stack trace from previous location ---
   at Microsoft.AspNetCore.Server.Kestrel.Core.Internal.AddressBinder.BindEndpointAsync(ListenOptions endpoint, AddressBindContext context, CancellationToken cancellationToken)
   --- End of inner exception stack trace ---
   at Microsoft.AspNetCore.Server.Kestrel.Core.Internal.AddressBinder.BindEndpointAsync(ListenOptions endpoint, AddressBindContext context, CancellationToken cancellationToken)
   at Microsoft.AspNetCore.Server.Kestrel.Core.LocalhostListenOptions.BindAsync(AddressBindContext context, CancellationToken cancellationToken)
   at Microsoft.AspNetCore.Server.Kestrel.Core.Internal.AddressBinder.AddressesStrategy.BindAsync(AddressBindContext context, CancellationToken cancellationToken)
   at Microsoft.AspNetCore.Server.Kestrel.Core.Internal.AddressBinder.BindAsync(IEnumerable`1 listenOptions, AddressBindContext context, CancellationToken cancellationToken)
   at Microsoft.AspNetCore.Server.Kestrel.Core.KestrelServerImpl.BindAsync(CancellationToken cancellationToken)
   at Microsoft.AspNetCore.Server.Kestrel.Core.KestrelServerImpl.StartAsync[TContext](IHttpApplication`1 application, CancellationToken cancellationToken)
   at Microsoft.AspNetCore.Hosting.GenericWebHostService.StartAsync(CancellationToken cancellationToken)
   at Microsoft.Extensions.Hosting.Internal.Host.StartAsync(CancellationToken cancellationToken)
   at Microsoft.Extensions.Hosting.HostingAbstractionsHostExtensions.RunAsync(IHost host, CancellationToken token)
   at Microsoft.Extensions.Hosting.HostingAbstractionsHostExtensions.RunAsync(IHost host, CancellationToken token)
   at Microsoft.Extensions.Hosting.HostingAbstractionsHostExtensions.Run(IHost host)
   at Microsoft.AspNetCore.Builder.WebApplication.Run(String url)
   at Program.<Main>$(String[] args) in C:\Users\lenovo\OneDrive\Desktop\New folder (5)\GreetingApp_2115700007\Program.cs:line 38
